<?xml version="1.0" encoding="UTF-8"?>
<testExecutions version="1">
  <file path="/home/eaysin/workspace/second-brain-server/src/modules/database/services/__tests__/database-templates.test.ts">
  </file>
</testExecutions>